<?xml version="1.0" encoding="UTF-8"?>
<!-- Generated by org.testng.reporters.JUnitXMLReporter -->
<testsuite hostname="DESKTOP-D96Q9MV" ignored="0" name="BankingApp Test" tests="1" failures="1" timestamp="2020-12-19T18:45:54 GMT" time="36.372" errors="0">
  <testcase name="addNewCustomer" time="23.944" classname="com.iNetbankingV2.testCases.TC003_AddCustomer">
    <failure type="java.lang.AssertionError">
      <![CDATA[java.lang.AssertionError
at org.junit.Assert.fail(Assert.java:86)
at org.junit.Assert.assertTrue(Assert.java:41)
at org.junit.Assert.assertTrue(Assert.java:52)
at com.iNetbankingV2.testCases.TC003_AddCustomer.addNewCustomer(TC003_AddCustomer.java:56)
at java.util.ArrayList.forEach(ArrayList.java:1259)
... Removed 27 stack frames]]>
    </failure>
  </testcase> <!-- addNewCustomer -->
</testsuite> <!-- BankingApp Test -->
